Traceback (most recent call last):
  File "C:\Users\msipc\AppData\Roaming\Python\Python37\site-packages\jupyter_cache\executors\utils.py", line 56, in single_nb_execution
    record_timing=False,
  File "C:\Users\msipc\AppData\Roaming\Python\Python37\site-packages\nbclient\client.py", line 1204, in execute
    return NotebookClient(nb=nb, resources=resources, km=km, **kwargs).execute()
  File "C:\Users\msipc\AppData\Roaming\Python\Python37\site-packages\nbclient\util.py", line 84, in wrapped
    return just_run(coro(*args, **kwargs))
  File "C:\Users\msipc\AppData\Roaming\Python\Python37\site-packages\nbclient\util.py", line 62, in just_run
    return loop.run_until_complete(coro)
  File "D:\ProgramData\Anaconda3\lib\asyncio\base_events.py", line 587, in run_until_complete
    return future.result()
  File "C:\Users\msipc\AppData\Roaming\Python\Python37\site-packages\nbclient\client.py", line 664, in async_execute
    cell, index, execution_count=self.code_cells_executed + 1
  File "C:\Users\msipc\AppData\Roaming\Python\Python37\site-packages\nbclient\client.py", line 965, in async_execute_cell
    await self._check_raise_for_error(cell, cell_index, exec_reply)
  File "C:\Users\msipc\AppData\Roaming\Python\Python37\site-packages\nbclient\client.py", line 862, in _check_raise_for_error
    raise CellExecutionError.from_cell_and_msg(cell, exec_reply_content)
nbclient.exceptions.CellExecutionError: An error occurred while executing the following cell:
------------------
import torch
import torch.nn as nn
import torchvision
import torchvision.transforms as transforms
import matplotlib.pyplot as plt
------------------

[1;31m---------------------------------------------------------------------------[0m
[1;31mImportError[0m                               Traceback (most recent call last)
[1;32m<ipython-input-1-c01407755b02>[0m in [0;36m<module>[1;34m[0m
[0;32m      1[0m [1;32mimport[0m [0mtorch[0m[1;33m[0m[1;33m[0m[0m
[0;32m      2[0m [1;32mimport[0m [0mtorch[0m[1;33m.[0m[0mnn[0m [1;32mas[0m [0mnn[0m[1;33m[0m[1;33m[0m[0m
[1;32m----> 3[1;33m [1;32mimport[0m [0mtorchvision[0m[1;33m[0m[1;33m[0m[0m
[0m[0;32m      4[0m [1;32mimport[0m [0mtorchvision[0m[1;33m.[0m[0mtransforms[0m [1;32mas[0m [0mtransforms[0m[1;33m[0m[1;33m[0m[0m
[0;32m      5[0m [1;32mimport[0m [0mmatplotlib[0m[1;33m.[0m[0mpyplot[0m [1;32mas[0m [0mplt[0m[1;33m[0m[1;33m[0m[0m

[1;32mD:\ProgramData\Anaconda3\lib\site-packages\torchvision\__init__.py[0m in [0;36m<module>[1;34m[0m
[1;32m----> 1[1;33m [1;32mfrom[0m [0mtorchvision[0m [1;32mimport[0m [0mmodels[0m[1;33m[0m[1;33m[0m[0m
[0m[0;32m      2[0m [1;32mfrom[0m [0mtorchvision[0m [1;32mimport[0m [0mdatasets[0m[1;33m[0m[1;33m[0m[0m
[0;32m      3[0m [1;32mfrom[0m [0mtorchvision[0m [1;32mimport[0m [0mops[0m[1;33m[0m[1;33m[0m[0m
[0;32m      4[0m [1;32mfrom[0m [0mtorchvision[0m [1;32mimport[0m [0mtransforms[0m[1;33m[0m[1;33m[0m[0m
[0;32m      5[0m [1;32mfrom[0m [0mtorchvision[0m [1;32mimport[0m [0mutils[0m[1;33m[0m[1;33m[0m[0m

[1;32mD:\ProgramData\Anaconda3\lib\site-packages\torchvision\models\__init__.py[0m in [0;36m<module>[1;34m[0m
[0;32m      9[0m [1;32mfrom[0m [1;33m.[0m[0mshufflenetv2[0m [1;32mimport[0m [1;33m*[0m[1;33m[0m[1;33m[0m[0m
[0;32m     10[0m [1;32mfrom[0m [1;33m.[0m [1;32mimport[0m [0msegmentation[0m[1;33m[0m[1;33m[0m[0m
[1;32m---> 11[1;33m [1;32mfrom[0m [1;33m.[0m [1;32mimport[0m [0mdetection[0m[1;33m[0m[1;33m[0m[0m
[0m
[1;32mD:\ProgramData\Anaconda3\lib\site-packages\torchvision\models\detection\__init__.py[0m in [0;36m<module>[1;34m[0m
[1;32m----> 1[1;33m [1;32mfrom[0m [1;33m.[0m[0mfaster_rcnn[0m [1;32mimport[0m [1;33m*[0m[1;33m[0m[1;33m[0m[0m
[0m[0;32m      2[0m [1;32mfrom[0m [1;33m.[0m[0mmask_rcnn[0m [1;32mimport[0m [1;33m*[0m[1;33m[0m[1;33m[0m[0m
[0;32m      3[0m [1;32mfrom[0m [1;33m.[0m[0mkeypoint_rcnn[0m [1;32mimport[0m [1;33m*[0m[1;33m[0m[1;33m[0m[0m

[1;32mD:\ProgramData\Anaconda3\lib\site-packages\torchvision\models\detection\faster_rcnn.py[0m in [0;36m<module>[1;34m[0m
[0;32m      5[0m [1;32mimport[0m [0mtorch[0m[1;33m.[0m[0mnn[0m[1;33m.[0m[0mfunctional[0m [1;32mas[0m [0mF[0m[1;33m[0m[1;33m[0m[0m
[0;32m      6[0m [1;33m[0m[0m
[1;32m----> 7[1;33m [1;32mfrom[0m [0mtorchvision[0m[1;33m.[0m[0mops[0m [1;32mimport[0m [0mmisc[0m [1;32mas[0m [0mmisc_nn_ops[0m[1;33m[0m[1;33m[0m[0m
[0m[0;32m      8[0m [1;32mfrom[0m [0mtorchvision[0m[1;33m.[0m[0mops[0m [1;32mimport[0m [0mMultiScaleRoIAlign[0m[1;33m[0m[1;33m[0m[0m
[0;32m      9[0m [1;33m[0m[0m

[1;32mD:\ProgramData\Anaconda3\lib\site-packages\torchvision\ops\__init__.py[0m in [0;36m<module>[1;34m[0m
[1;32m----> 1[1;33m [1;32mfrom[0m [1;33m.[0m[0mboxes[0m [1;32mimport[0m [0mnms[0m[1;33m,[0m [0mbox_iou[0m[1;33m[0m[1;33m[0m[0m
[0m[0;32m      2[0m [1;32mfrom[0m [1;33m.[0m[0mroi_align[0m [1;32mimport[0m [0mroi_align[0m[1;33m,[0m [0mRoIAlign[0m[1;33m[0m[1;33m[0m[0m
[0;32m      3[0m [1;32mfrom[0m [1;33m.[0m[0mroi_pool[0m [1;32mimport[0m [0mroi_pool[0m[1;33m,[0m [0mRoIPool[0m[1;33m[0m[1;33m[0m[0m
[0;32m      4[0m [1;32mfrom[0m [1;33m.[0m[0mpoolers[0m [1;32mimport[0m [0mMultiScaleRoIAlign[0m[1;33m[0m[1;33m[0m[0m
[0;32m      5[0m [1;32mfrom[0m [1;33m.[0m[0mfeature_pyramid_network[0m [1;32mimport[0m [0mFeaturePyramidNetwork[0m[1;33m[0m[1;33m[0m[0m

[1;32mD:\ProgramData\Anaconda3\lib\site-packages\torchvision\ops\boxes.py[0m in [0;36m<module>[1;34m[0m
[0;32m      1[0m [1;32mimport[0m [0mtorch[0m[1;33m[0m[1;33m[0m[0m
[1;32m----> 2[1;33m [1;32mfrom[0m [0mtorchvision[0m [1;32mimport[0m [0m_C[0m[1;33m[0m[1;33m[0m[0m
[0m[0;32m      3[0m [1;33m[0m[0m
[0;32m      4[0m [1;33m[0m[0m
[0;32m      5[0m [1;32mdef[0m [0mnms[0m[1;33m([0m[0mboxes[0m[1;33m,[0m [0mscores[0m[1;33m,[0m [0miou_threshold[0m[1;33m)[0m[1;33m:[0m[1;33m[0m[1;33m[0m[0m

[1;31mImportError[0m: DLL load failed: 找不到指定的模块。
ImportError: DLL load failed: 找不到指定的模块。

